Loading weights:   0%|          | 0/201 [00:00<?, ?it/s]Loading weights: 100%|##########| 201/201 [00:00<00:00, 6835.66it/s]
[1mXLMRobertaForSequenceClassification LOAD REPORT[0m from: cross-encoder/mmarco-mMiniLMv2-L12-H384-v1
Key                             | Status     |  | 
--------------------------------+------------+--+-
roberta.embeddings.position_ids | UNEXPECTED |  | 

Notes:
- UNEXPECTED:	can be ignored when loading from different task/architecture; not ok if you expect identical arch.
Warning: You are sending unauthenticated requests to the HF Hub. Please set a HF_TOKEN to enable higher rate limits and faster downloads.
[timing] data-control-room 2.469s
[timing] data-control-room 2.938s
[timing] data-control-room 0.000s
[timing] data-control-room 3.360s
[timing] data-control-room 32.000s
[timing] data-control-room 0.016s
[timing] data-control-room 11.000s
[timing] data-control-room 4.953s
----------------------------------------
Exception occurred during processing of request from ('127.0.0.1', 62583)
Traceback (most recent call last):
  File "C:\Users\soulu\AppData\Local\Programs\Python\Python311\Lib\socketserver.py", line 691, in process_request_thread
    self.finish_request(request, client_address)
  File "C:\Users\soulu\AppData\Local\Programs\Python\Python311\Lib\socketserver.py", line 361, in finish_request
    self.RequestHandlerClass(request, client_address, self)
  File "C:\Users\soulu\AppData\Local\Programs\Python\Python311\Lib\socketserver.py", line 755, in __init__
    self.handle()
  File "C:\Users\soulu\AppData\Local\Programs\Python\Python311\Lib\http\server.py", line 436, in handle
    self.handle_one_request()
  File "C:\Users\soulu\AppData\Local\Programs\Python\Python311\Lib\http\server.py", line 424, in handle_one_request
    method()
  File "C:\Users\soulu\cywell\ocp-play-studio\ocp-play-studio\src\play_book_studio\app\server.py", line 367, in do_GET
    self._handle_wiki_user_overlays(parsed_request.query)
  File "C:\Users\soulu\cywell\ocp-play-studio\ocp-play-studio\src\play_book_studio\app\server.py", line 491, in _handle_wiki_user_overlays
    _handle_wiki_user_overlays_request(
  File "C:\Users\soulu\cywell\ocp-play-studio\ocp-play-studio\src\play_book_studio\app\server_routes.py", line 628, in handle_wiki_user_overlays
    handler._send_json(payload)
  File "C:\Users\soulu\cywell\ocp-play-studio\ocp-play-studio\src\play_book_studio\app\server.py", line 220, in _send_json
    self.wfile.write(body)
  File "C:\Users\soulu\AppData\Local\Programs\Python\Python311\Lib\socketserver.py", line 834, in write
    self._sock.sendall(b)
ConnectionAbortedError: [WinError 10053] ÇöŔç ż¬°áŔş »çżëŔÚŔÇ ČŁ˝şĆ® ˝Ă˝şĹŰŔÇ ĽŇÇÁĆ®żţľîŔÇ ŔÇÇŘ Áß´ÜµÇľú˝Ŕ´Ď´Ů
----------------------------------------
----------------------------------------
Exception occurred during processing of request from ('127.0.0.1', 50181)
Traceback (most recent call last):
  File "C:\Users\soulu\AppData\Local\Programs\Python\Python311\Lib\socketserver.py", line 691, in process_request_thread
    self.finish_request(request, client_address)
  File "C:\Users\soulu\AppData\Local\Programs\Python\Python311\Lib\socketserver.py", line 361, in finish_request
    self.RequestHandlerClass(request, client_address, self)
  File "C:\Users\soulu\AppData\Local\Programs\Python\Python311\Lib\socketserver.py", line 755, in __init__
    self.handle()
  File "C:\Users\soulu\AppData\Local\Programs\Python\Python311\Lib\http\server.py", line 436, in handle
    self.handle_one_request()
  File "C:\Users\soulu\AppData\Local\Programs\Python\Python311\Lib\http\server.py", line 424, in handle_one_request
    method()
  File "C:\Users\soulu\cywell\ocp-play-studio\ocp-play-studio\src\play_book_studio\app\server.py", line 337, in do_GET
    self._handle_sessions_list(parsed_request.query)
  File "C:\Users\soulu\cywell\ocp-play-studio\ocp-play-studio\src\play_book_studio\app\server.py", line 526, in _handle_sessions_list
    _handle_sessions_list_request(self, query, store=store)
  File "C:\Users\soulu\cywell\ocp-play-studio\ocp-play-studio\src\play_book_studio\app\server_routes.py", line 421, in handle_sessions_list
    handler._send_json({"sessions": summaries, "count": len(summaries)})
  File "C:\Users\soulu\cywell\ocp-play-studio\ocp-play-studio\src\play_book_studio\app\server.py", line 220, in _send_json
    self.wfile.write(body)
  File "C:\Users\soulu\AppData\Local\Programs\Python\Python311\Lib\socketserver.py", line 834, in write
    self._sock.sendall(b)
ConnectionAbortedError: [WinError 10053] ÇöŔç ż¬°áŔş »çżëŔÚŔÇ ČŁ˝şĆ® ˝Ă˝şĹŰŔÇ ĽŇÇÁĆ®żţľîŔÇ ŔÇÇŘ Áß´ÜµÇľú˝Ŕ´Ď´Ů
----------------------------------------
----------------------------------------
Exception occurred during processing of request from ('127.0.0.1', 49331)
Traceback (most recent call last):
  File "C:\Users\soulu\AppData\Local\Programs\Python\Python311\Lib\socketserver.py", line 691, in process_request_thread
    self.finish_request(request, client_address)
  File "C:\Users\soulu\AppData\Local\Programs\Python\Python311\Lib\socketserver.py", line 361, in finish_request
    self.RequestHandlerClass(request, client_address, self)
  File "C:\Users\soulu\AppData\Local\Programs\Python\Python311\Lib\socketserver.py", line 755, in __init__
    self.handle()
  File "C:\Users\soulu\AppData\Local\Programs\Python\Python311\Lib\http\server.py", line 436, in handle
    self.handle_one_request()
  File "C:\Users\soulu\AppData\Local\Programs\Python\Python311\Lib\http\server.py", line 424, in handle_one_request
    method()
  File "C:\Users\soulu\cywell\ocp-play-studio\ocp-play-studio\src\play_book_studio\app\server.py", line 370, in do_GET
    self._handle_wiki_overlay_signals(parsed_request.query)
  File "C:\Users\soulu\cywell\ocp-play-studio\ocp-play-studio\src\play_book_studio\app\server.py", line 498, in _handle_wiki_overlay_signals
    _handle_wiki_overlay_signals_request(
  File "C:\Users\soulu\cywell\ocp-play-studio\ocp-play-studio\src\play_book_studio\app\server_routes.py", line 634, in handle_wiki_overlay_signals
    handler._send_json(_build_wiki_overlay_signal_payload(root_dir, user_id=user_id or None))
  File "C:\Users\soulu\cywell\ocp-play-studio\ocp-play-studio\src\play_book_studio\app\server.py", line 220, in _send_json
    self.wfile.write(body)
  File "C:\Users\soulu\AppData\Local\Programs\Python\Python311\Lib\socketserver.py", line 834, in write
    self._sock.sendall(b)
ConnectionAbortedError: [WinError 10053] ÇöŔç ż¬°áŔş »çżëŔÚŔÇ ČŁ˝şĆ® ˝Ă˝şĹŰŔÇ ĽŇÇÁĆ®żţľîŔÇ ŔÇÇŘ Áß´ÜµÇľú˝Ŕ´Ď´Ů
----------------------------------------
----------------------------------------
Exception occurred during processing of request from ('127.0.0.1', 59833)
Traceback (most recent call last):
  File "C:\Users\soulu\AppData\Local\Programs\Python\Python311\Lib\socketserver.py", line 691, in process_request_thread
    self.finish_request(request, client_address)
  File "C:\Users\soulu\AppData\Local\Programs\Python\Python311\Lib\socketserver.py", line 361, in finish_request
    self.RequestHandlerClass(request, client_address, self)
  File "C:\Users\soulu\AppData\Local\Programs\Python\Python311\Lib\socketserver.py", line 755, in __init__
    self.handle()
  File "C:\Users\soulu\AppData\Local\Programs\Python\Python311\Lib\http\server.py", line 436, in handle
    self.handle_one_request()
  File "C:\Users\soulu\AppData\Local\Programs\Python\Python311\Lib\http\server.py", line 424, in handle_one_request
    method()
  File "C:\Users\soulu\cywell\ocp-play-studio\ocp-play-studio\src\play_book_studio\app\server.py", line 327, in do_GET
    self._handle_data_control_room(parsed_request.query)
  File "C:\Users\soulu\cywell\ocp-play-studio\ocp-play-studio\src\play_book_studio\app\server.py", line 510, in _handle_data_control_room
    payload = _handle_data_control_room_request(
              ^^^^^^^^^^^^^^^^^^^^^^^^^^^^^^^^^^
  File "C:\Users\soulu\cywell\ocp-play-studio\ocp-play-studio\src\play_book_studio\app\server_routes.py", line 488, in handle_data_control_room
    handler._send_json(payload)
  File "C:\Users\soulu\cywell\ocp-play-studio\ocp-play-studio\src\play_book_studio\app\server.py", line 220, in _send_json
    self.wfile.write(body)
  File "C:\Users\soulu\AppData\Local\Programs\Python\Python311\Lib\socketserver.py", line 834, in write
    self._sock.sendall(b)
ConnectionAbortedError: [WinError 10053] ÇöŔç ż¬°áŔş »çżëŔÚŔÇ ČŁ˝şĆ® ˝Ă˝şĹŰŔÇ ĽŇÇÁĆ®żţľîŔÇ ŔÇÇŘ Áß´ÜµÇľú˝Ŕ´Ď´Ů
----------------------------------------
[timing] data-control-room 78.516s
----------------------------------------
Exception occurred during processing of request from ('127.0.0.1', 50815)
Traceback (most recent call last):
  File "C:\Users\soulu\AppData\Local\Programs\Python\Python311\Lib\socketserver.py", line 691, in process_request_thread
    self.finish_request(request, client_address)
  File "C:\Users\soulu\AppData\Local\Programs\Python\Python311\Lib\socketserver.py", line 361, in finish_request
    self.RequestHandlerClass(request, client_address, self)
  File "C:\Users\soulu\AppData\Local\Programs\Python\Python311\Lib\socketserver.py", line 755, in __init__
    self.handle()
  File "C:\Users\soulu\AppData\Local\Programs\Python\Python311\Lib\http\server.py", line 436, in handle
    self.handle_one_request()
  File "C:\Users\soulu\AppData\Local\Programs\Python\Python311\Lib\http\server.py", line 424, in handle_one_request
    method()
  File "C:\Users\soulu\cywell\ocp-play-studio\ocp-play-studio\src\play_book_studio\app\server.py", line 399, in do_POST
    self._handle_chat(payload)
  File "C:\Users\soulu\cywell\ocp-play-studio\ocp-play-studio\src\play_book_studio\app\server.py", line 654, in _handle_chat
    _handle_chat_request(
  File "C:\Users\soulu\cywell\ocp-play-studio\ocp-play-studio\src\play_book_studio\app\server_chat.py", line 191, in handle_chat
    handler._send_json(response_payload)
  File "C:\Users\soulu\cywell\ocp-play-studio\ocp-play-studio\src\play_book_studio\app\server.py", line 220, in _send_json
    self.wfile.write(body)
  File "C:\Users\soulu\AppData\Local\Programs\Python\Python311\Lib\socketserver.py", line 834, in write
    self._sock.sendall(b)
ConnectionAbortedError: [WinError 10053] ÇöŔç ż¬°áŔş »çżëŔÚŔÇ ČŁ˝şĆ® ˝Ă˝şĹŰŔÇ ĽŇÇÁĆ®żţľîŔÇ ŔÇÇŘ Áß´ÜµÇľú˝Ŕ´Ď´Ů
----------------------------------------
[timing] data-control-room 38.422s
[timing] data-control-room 4.781s
----------------------------------------
Exception occurred during processing of request from ('127.0.0.1', 59646)
Traceback (most recent call last):
  File "C:\Users\soulu\AppData\Local\Programs\Python\Python311\Lib\socketserver.py", line 691, in process_request_thread
    self.finish_request(request, client_address)
  File "C:\Users\soulu\AppData\Local\Programs\Python\Python311\Lib\socketserver.py", line 361, in finish_request
    self.RequestHandlerClass(request, client_address, self)
  File "C:\Users\soulu\AppData\Local\Programs\Python\Python311\Lib\socketserver.py", line 755, in __init__
    self.handle()
  File "C:\Users\soulu\AppData\Local\Programs\Python\Python311\Lib\http\server.py", line 436, in handle
    self.handle_one_request()
  File "C:\Users\soulu\AppData\Local\Programs\Python\Python311\Lib\http\server.py", line 424, in handle_one_request
    method()
  File "C:\Users\soulu\cywell\ocp-play-studio\ocp-play-studio\src\play_book_studio\app\server.py", line 373, in do_GET
    if request_path == "/api/wiki-overlay-signals":
        ^^^^^^^^^^^^^^^^^^^^^^^^^^^^^^^^^^^^^^^^^^^^
  File "C:\Users\soulu\cywell\ocp-play-studio\ocp-play-studio\src\play_book_studio\app\server.py", line 563, in _handle_customer_pack_drafts
    def _handle_customer_pack_plan(self, payload: dict[str, Any]) -> None:
        ^^^^^^^^^^^^^^^^^^^^^^^^^^^^^^^^^^^^^^^^^^^^^^^^^^^^^^^^^^^^^^^^^^
  File "C:\Users\soulu\cywell\ocp-play-studio\ocp-play-studio\src\play_book_studio\app\server_routes.py", line 550, in handle_customer_pack_drafts
    packets = bundle.get("packets") if isinstance(bundle.get("packets"), list) else []
        ^^^^^^^^^^^^^^^^^^^^^^^^^^^^^^^^^^^^^^^^^^^^^^^^^^^^^^^^
  File "C:\Users\soulu\cywell\ocp-play-studio\ocp-play-studio\src\play_book_studio\app\server.py", line 220, in _send_json
    self.end_headers()
  File "C:\Users\soulu\AppData\Local\Programs\Python\Python311\Lib\socketserver.py", line 834, in write
    self._sock.sendall(b)
----------------------------------------
ConnectionAbortedError: [WinError 10053] ÇöŔç ż¬°áŔş »çżëŔÚŔÇ ČŁ˝şĆ® ˝Ă˝şĹŰŔÇ ĽŇÇÁĆ®żţľîŔÇ ŔÇÇŘ Áß´ÜµÇľú˝Ŕ´Ď´Ů
Exception occurred during processing of request from ('127.0.0.1', 50816)
----------------------------------------
Traceback (most recent call last):
  File "C:\Users\soulu\AppData\Local\Programs\Python\Python311\Lib\socketserver.py", line 691, in process_request_thread
    self.finish_request(request, client_address)
  File "C:\Users\soulu\AppData\Local\Programs\Python\Python311\Lib\socketserver.py", line 361, in finish_request
    self.RequestHandlerClass(request, client_address, self)
  File "C:\Users\soulu\AppData\Local\Programs\Python\Python311\Lib\socketserver.py", line 755, in __init__
    self.handle()
  File "C:\Users\soulu\AppData\Local\Programs\Python\Python311\Lib\http\server.py", line 436, in handle
    self.handle_one_request()
  File "C:\Users\soulu\AppData\Local\Programs\Python\Python311\Lib\http\server.py", line 424, in handle_one_request
    method()
  File "C:\Users\soulu\cywell\ocp-play-studio\ocp-play-studio\src\play_book_studio\app\server.py", line 361, in do_GET
    if request_path == "/api/repositories/search":
        ^^^^^^^^^^^^^^^^^^^^^^^^^^^^^^^^^^^^^^^^^^^
  File "C:\Users\soulu\cywell\ocp-play-studio\ocp-play-studio\src\play_book_studio\app\server.py", line 484, in _handle_repository_unanswered
    root_dir=root_dir,
  File "C:\Users\soulu\cywell\ocp-play-studio\ocp-play-studio\src\play_book_studio\app\server_routes.py", line 591, in handle_repository_unanswered
  File "C:\Users\soulu\cywell\ocp-play-studio\ocp-play-studio\src\play_book_studio\app\server.py", line 220, in _send_json
    self.end_headers()
  File "C:\Users\soulu\AppData\Local\Programs\Python\Python311\Lib\socketserver.py", line 834, in write
    self._sock.sendall(b)
ConnectionAbortedError: [WinError 10053] ÇöŔç ż¬°áŔş »çżëŔÚŔÇ ČŁ˝şĆ® ˝Ă˝şĹŰŔÇ ĽŇÇÁĆ®żţľîŔÇ ŔÇÇŘ Áß´ÜµÇľú˝Ŕ´Ď´Ů
----------------------------------------
----------------------------------------
Exception occurred during processing of request from ('127.0.0.1', 59731)
Traceback (most recent call last):
  File "C:\Users\soulu\AppData\Local\Programs\Python\Python311\Lib\socketserver.py", line 691, in process_request_thread
    self.finish_request(request, client_address)
  File "C:\Users\soulu\AppData\Local\Programs\Python\Python311\Lib\socketserver.py", line 361, in finish_request
    self.RequestHandlerClass(request, client_address, self)
  File "C:\Users\soulu\AppData\Local\Programs\Python\Python311\Lib\socketserver.py", line 755, in __init__
    self.handle()
  File "C:\Users\soulu\AppData\Local\Programs\Python\Python311\Lib\http\server.py", line 436, in handle
    self.handle_one_request()
  File "C:\Users\soulu\AppData\Local\Programs\Python\Python311\Lib\http\server.py", line 424, in handle_one_request
    method()
  File "C:\Users\soulu\cywell\ocp-play-studio\ocp-play-studio\src\play_book_studio\app\server.py", line 367, in do_GET
    if request_path == "/api/repositories/favorites":
        ^^^^^^^^^^^^^^^^^^^^^^^^^^^^^^^^^^^^^^^^^^^^^^
  File "C:\Users\soulu\cywell\ocp-play-studio\ocp-play-studio\src\play_book_studio\app\server.py", line 491, in _handle_wiki_user_overlays
    root_dir=root_dir,
  File "C:\Users\soulu\cywell\ocp-play-studio\ocp-play-studio\src\play_book_studio\app\server_routes.py", line 628, in handle_wiki_user_overlays
  File "C:\Users\soulu\cywell\ocp-play-studio\ocp-play-studio\src\play_book_studio\app\server.py", line 220, in _send_json
    self.end_headers()
  File "C:\Users\soulu\AppData\Local\Programs\Python\Python311\Lib\socketserver.py", line 834, in write
    self._sock.sendall(b)
ConnectionAbortedError: [WinError 10053] ÇöŔç ż¬°áŔş »çżëŔÚŔÇ ČŁ˝şĆ® ˝Ă˝şĹŰŔÇ ĽŇÇÁĆ®żţľîŔÇ ŔÇÇŘ Áß´ÜµÇľú˝Ŕ´Ď´Ů
----------------------------------------
----------------------------------------
Exception occurred during processing of request from ('127.0.0.1', 52690)
Traceback (most recent call last):
  File "C:\Users\soulu\AppData\Local\Programs\Python\Python311\Lib\socketserver.py", line 691, in process_request_thread
    self.finish_request(request, client_address)
  File "C:\Users\soulu\AppData\Local\Programs\Python\Python311\Lib\socketserver.py", line 361, in finish_request
    self.RequestHandlerClass(request, client_address, self)
  File "C:\Users\soulu\AppData\Local\Programs\Python\Python311\Lib\socketserver.py", line 755, in __init__
    self.handle()
  File "C:\Users\soulu\AppData\Local\Programs\Python\Python311\Lib\http\server.py", line 436, in handle
    self.handle_one_request()
  File "C:\Users\soulu\AppData\Local\Programs\Python\Python311\Lib\http\server.py", line 424, in handle_one_request
    method()
  File "C:\Users\soulu\cywell\ocp-play-studio\ocp-play-studio\src\play_book_studio\app\server.py", line 337, in do_GET
    if request_path == "/api/sessions":
        ^^^^^^^^^^^^^^^^^^^^^^^^^^^^^^^^
  File "C:\Users\soulu\cywell\ocp-play-studio\ocp-play-studio\src\play_book_studio\app\server.py", line 526, in _handle_sessions_list
    if payload is not None:
  File "C:\Users\soulu\cywell\ocp-play-studio\ocp-play-studio\src\play_book_studio\app\server_routes.py", line 421, in handle_sessions_list
  File "C:\Users\soulu\cywell\ocp-play-studio\ocp-play-studio\src\play_book_studio\app\server.py", line 220, in _send_json
    self.end_headers()
  File "C:\Users\soulu\AppData\Local\Programs\Python\Python311\Lib\socketserver.py", line 834, in write
    self._sock.sendall(b)
ConnectionAbortedError: [WinError 10053] ÇöŔç ż¬°áŔş »çżëŔÚŔÇ ČŁ˝şĆ® ˝Ă˝şĹŰŔÇ ĽŇÇÁĆ®żţľîŔÇ ŔÇÇŘ Áß´ÜµÇľú˝Ŕ´Ď´Ů
----------------------------------------
----------------------------------------
Exception occurred during processing of request from ('127.0.0.1', 58432)
Traceback (most recent call last):
  File "C:\Users\soulu\AppData\Local\Programs\Python\Python311\Lib\socketserver.py", line 691, in process_request_thread
    self.finish_request(request, client_address)
  File "C:\Users\soulu\AppData\Local\Programs\Python\Python311\Lib\socketserver.py", line 361, in finish_request
    self.RequestHandlerClass(request, client_address, self)
  File "C:\Users\soulu\AppData\Local\Programs\Python\Python311\Lib\socketserver.py", line 755, in __init__
    self.handle()
  File "C:\Users\soulu\AppData\Local\Programs\Python\Python311\Lib\http\server.py", line 436, in handle
    self.handle_one_request()
  File "C:\Users\soulu\AppData\Local\Programs\Python\Python311\Lib\http\server.py", line 424, in handle_one_request
    method()
  File "C:\Users\soulu\cywell\ocp-play-studio\ocp-play-studio\src\play_book_studio\app\server.py", line 370, in do_GET
    if request_path == "/api/wiki-overlays":
        ^^^^^^^^^^^^^^^^^^^^^^^^^^^^^^^^^^^^^
  File "C:\Users\soulu\cywell\ocp-play-studio\ocp-play-studio\src\play_book_studio\app\server.py", line 498, in _handle_wiki_overlay_signals
    root_dir=root_dir,
  File "C:\Users\soulu\cywell\ocp-play-studio\ocp-play-studio\src\play_book_studio\app\server_routes.py", line 634, in handle_wiki_overlay_signals
    limit = int(limit_raw or "20")
  File "C:\Users\soulu\cywell\ocp-play-studio\ocp-play-studio\src\play_book_studio\app\server.py", line 220, in _send_json
    self.end_headers()
  File "C:\Users\soulu\AppData\Local\Programs\Python\Python311\Lib\socketserver.py", line 834, in write
    self._sock.sendall(b)
ConnectionAbortedError: [WinError 10053] ÇöŔç ż¬°áŔş »çżëŔÚŔÇ ČŁ˝şĆ® ˝Ă˝şĹŰŔÇ ĽŇÇÁĆ®żţľîŔÇ ŔÇÇŘ Áß´ÜµÇľú˝Ŕ´Ď´Ů
----------------------------------------
----------------------------------------
Exception occurred during processing of request from ('127.0.0.1', 64202)
Traceback (most recent call last):
  File "C:\Users\soulu\AppData\Local\Programs\Python\Python311\Lib\socketserver.py", line 691, in process_request_thread
    self.finish_request(request, client_address)
  File "C:\Users\soulu\AppData\Local\Programs\Python\Python311\Lib\socketserver.py", line 361, in finish_request
    self.RequestHandlerClass(request, client_address, self)
  File "C:\Users\soulu\AppData\Local\Programs\Python\Python311\Lib\socketserver.py", line 755, in __init__
    self.handle()
  File "C:\Users\soulu\AppData\Local\Programs\Python\Python311\Lib\http\server.py", line 436, in handle
    self.handle_one_request()
  File "C:\Users\soulu\AppData\Local\Programs\Python\Python311\Lib\http\server.py", line 424, in handle_one_request
    method()
  File "C:\Users\soulu\cywell\ocp-play-studio\ocp-play-studio\src\play_book_studio\app\server.py", line 327, in do_GET
    started_at = time.monotonic()
  File "C:\Users\soulu\cywell\ocp-play-studio\ocp-play-studio\src\play_book_studio\app\server.py", line 510, in _handle_data_control_room
    self,
          
  File "C:\Users\soulu\cywell\ocp-play-studio\ocp-play-studio\src\play_book_studio\app\server_routes.py", line 488, in handle_data_control_room
    handler._send_json({"error": "session_id is required"}, HTTPStatus.BAD_REQUEST)
    ^^^^^^^^^^^^^^^^^^^^^^^^^^^
  File "C:\Users\soulu\cywell\ocp-play-studio\ocp-play-studio\src\play_book_studio\app\server.py", line 220, in _send_json
    self.end_headers()
  File "C:\Users\soulu\AppData\Local\Programs\Python\Python311\Lib\socketserver.py", line 834, in write
    self._sock.sendall(b)
ConnectionAbortedError: [WinError 10053] ÇöŔç ż¬°áŔş »çżëŔÚŔÇ ČŁ˝şĆ® ˝Ă˝şĹŰŔÇ ĽŇÇÁĆ®żţľîŔÇ ŔÇÇŘ Áß´ÜµÇľú˝Ŕ´Ď´Ů
----------------------------------------
[timing] data-control-room 7.391s
[timing] data-control-room 0.015s
[timing] data-control-room 0.000s
[timing] data-control-room 6.125s
[timing] data-control-room 6.204s
[timing] data-control-room 6.250s
[timing] data-control-room 19.922s
[timing] data-control-room 12.844s
[timing] data-control-room 5.610s
[timing] data-control-room 3.531s
[timing] data-control-room 28.078s
[timing] data-control-room 8.829s
[timing] data-control-room 0.016s
[timing] data-control-room 13.641s
[timing] data-control-room 5.281s
[timing] data-control-room 3.141s
[timing] data-control-room 0.016s
[timing] data-control-room 16.953s
[timing] data-control-room 4.578s
[timing] data-control-room 4.343s
[timing] data-control-room 2.297s
[timing] data-control-room 4.187s
[timing] data-control-room 2.406s
[timing] data-control-room 5.516s
[timing] data-control-room 0.016s
[timing] data-control-room 5.922s
[timing] data-control-room 0.047s
[timing] data-control-room 5.641s
[timing] data-control-room 5.734s
[timing] data-control-room 0.032s
----------------------------------------
Exception occurred during processing of request from ('127.0.0.1', 54940)
Traceback (most recent call last):
  File "C:\Users\soulu\AppData\Local\Programs\Python\Python311\Lib\socketserver.py", line 691, in process_request_thread
    self.finish_request(request, client_address)
  File "C:\Users\soulu\AppData\Local\Programs\Python\Python311\Lib\socketserver.py", line 361, in finish_request
    self.RequestHandlerClass(request, client_address, self)
  File "C:\Users\soulu\AppData\Local\Programs\Python\Python311\Lib\socketserver.py", line 755, in __init__
    self.handle()
  File "C:\Users\soulu\AppData\Local\Programs\Python\Python311\Lib\http\server.py", line 436, in handle
    self.handle_one_request()
  File "C:\Users\soulu\AppData\Local\Programs\Python\Python311\Lib\http\server.py", line 424, in handle_one_request
    method()
  File "C:\Users\soulu\cywell\ocp-play-studio\ocp-play-studio\src\play_book_studio\app\server.py", line 310, in do_GET
    self._send_bytes(asset_path.read_bytes(), content_type=content_type)
  File "C:\Users\soulu\cywell\ocp-play-studio\ocp-play-studio\src\play_book_studio\app\server.py", line 235, in _send_bytes
    self.wfile.write(body)
  File "C:\Users\soulu\AppData\Local\Programs\Python\Python311\Lib\socketserver.py", line 834, in write
    self._sock.sendall(b)
ConnectionAbortedError: [WinError 10053] ÇöŔç ż¬°áŔş »çżëŔÚŔÇ ČŁ˝şĆ® ˝Ă˝şĹŰŔÇ ĽŇÇÁĆ®żţľîŔÇ ŔÇÇŘ Áß´ÜµÇľú˝Ŕ´Ď´Ů
----------------------------------------
----------------------------------------
Exception occurred during processing of request from ('127.0.0.1', 58432)
Traceback (most recent call last):
  File "C:\Users\soulu\AppData\Local\Programs\Python\Python311\Lib\socketserver.py", line 691, in process_request_thread
    self.finish_request(request, client_address)
  File "C:\Users\soulu\AppData\Local\Programs\Python\Python311\Lib\socketserver.py", line 361, in finish_request
    self.RequestHandlerClass(request, client_address, self)
----------------------------------------
  File "C:\Users\soulu\AppData\Local\Programs\Python\Python311\Lib\socketserver.py", line 755, in __init__
    self.handle()
Exception occurred during processing of request from ('127.0.0.1', 55087)
  File "C:\Users\soulu\AppData\Local\Programs\Python\Python311\Lib\http\server.py", line 436, in handle
    self.handle_one_request()
  File "C:\Users\soulu\AppData\Local\Programs\Python\Python311\Lib\http\server.py", line 424, in handle_one_request
    method()
  File "C:\Users\soulu\cywell\ocp-play-studio\ocp-play-studio\src\play_book_studio\app\server.py", line 310, in do_GET
    self._send_bytes(asset_path.read_bytes(), content_type=content_type)
  File "C:\Users\soulu\cywell\ocp-play-studio\ocp-play-studio\src\play_book_studio\app\server.py", line 235, in _send_bytes
    self.wfile.write(body)
  File "C:\Users\soulu\AppData\Local\Programs\Python\Python311\Lib\socketserver.py", line 834, in write
    self._sock.sendall(b)
ConnectionAbortedError: [WinError 10053] ÇöŔç ż¬°áŔş »çżëŔÚŔÇ ČŁ˝şĆ® ˝Ă˝şĹŰŔÇ ĽŇÇÁĆ®żţľîŔÇ ŔÇÇŘ Áß´ÜµÇľú˝Ŕ´Ď´Ů
----------------------------------------
Traceback (most recent call last):
  File "C:\Users\soulu\AppData\Local\Programs\Python\Python311\Lib\socketserver.py", line 691, in process_request_thread
    self.finish_request(request, client_address)
  File "C:\Users\soulu\AppData\Local\Programs\Python\Python311\Lib\socketserver.py", line 361, in finish_request
    self.RequestHandlerClass(request, client_address, self)
  File "C:\Users\soulu\AppData\Local\Programs\Python\Python311\Lib\socketserver.py", line 755, in __init__
    self.handle()
  File "C:\Users\soulu\AppData\Local\Programs\Python\Python311\Lib\http\server.py", line 436, in handle
    self.handle_one_request()
  File "C:\Users\soulu\AppData\Local\Programs\Python\Python311\Lib\http\server.py", line 424, in handle_one_request
    method()
  File "C:\Users\soulu\cywell\ocp-play-studio\ocp-play-studio\src\play_book_studio\app\server.py", line 310, in do_GET
    self._send_bytes(asset_path.read_bytes(), content_type=content_type)
  File "C:\Users\soulu\cywell\ocp-play-studio\ocp-play-studio\src\play_book_studio\app\server.py", line 235, in _send_bytes
    self.wfile.write(body)
  File "C:\Users\soulu\AppData\Local\Programs\Python\Python311\Lib\socketserver.py", line 834, in write
    self._sock.sendall(b)
ConnectionAbortedError: [WinError 10053] ÇöŔç ż¬°áŔş »çżëŔÚŔÇ ČŁ˝şĆ® ˝Ă˝şĹŰŔÇ ĽŇÇÁĆ®żţľîŔÇ ŔÇÇŘ Áß´ÜµÇľú˝Ŕ´Ď´Ů
----------------------------------------
----------------------------------------
----------------------------------------
Exception occurred during processing of request from ('127.0.0.1', 61814)
Exception occurred during processing of request from ('127.0.0.1', 49671)
[timing] data-control-room 124.907s
Traceback (most recent call last):
Traceback (most recent call last):
  File "C:\Users\soulu\AppData\Local\Programs\Python\Python311\Lib\socketserver.py", line 691, in process_request_thread
    self.finish_request(request, client_address)
  File "C:\Users\soulu\AppData\Local\Programs\Python\Python311\Lib\socketserver.py", line 691, in process_request_thread
    self.finish_request(request, client_address)
  File "C:\Users\soulu\AppData\Local\Programs\Python\Python311\Lib\socketserver.py", line 361, in finish_request
    self.RequestHandlerClass(request, client_address, self)
  File "C:\Users\soulu\AppData\Local\Programs\Python\Python311\Lib\socketserver.py", line 361, in finish_request
    self.RequestHandlerClass(request, client_address, self)
  File "C:\Users\soulu\AppData\Local\Programs\Python\Python311\Lib\socketserver.py", line 755, in __init__
    self.handle()
  File "C:\Users\soulu\AppData\Local\Programs\Python\Python311\Lib\socketserver.py", line 755, in __init__
    self.handle()
  File "C:\Users\soulu\AppData\Local\Programs\Python\Python311\Lib\http\server.py", line 436, in handle
    self.handle_one_request()
  File "C:\Users\soulu\AppData\Local\Programs\Python\Python311\Lib\http\server.py", line 436, in handle
    self.handle_one_request()
  File "C:\Users\soulu\AppData\Local\Programs\Python\Python311\Lib\http\server.py", line 424, in handle_one_request
    method()
  File "C:\Users\soulu\AppData\Local\Programs\Python\Python311\Lib\http\server.py", line 424, in handle_one_request
    method()
  File "C:\Users\soulu\cywell\ocp-play-studio\ocp-play-studio\src\play_book_studio\app\server.py", line 327, in do_GET
    self._handle_data_control_room(parsed_request.query)
  File "C:\Users\soulu\cywell\ocp-play-studio\ocp-play-studio\src\play_book_studio\app\server.py", line 327, in do_GET
    self._handle_data_control_room(parsed_request.query)
  File "C:\Users\soulu\cywell\ocp-play-studio\ocp-play-studio\src\play_book_studio\app\server.py", line 510, in _handle_data_control_room
    payload = _handle_data_control_room_request(
              ^^^^^^^^^^^^^^^^^^^^^^^^^^^^^^^^^^
  File "C:\Users\soulu\cywell\ocp-play-studio\ocp-play-studio\src\play_book_studio\app\server.py", line 510, in _handle_data_control_room
    payload = _handle_data_control_room_request(
              ^^^^^^^^^^^^^^^^^^^^^^^^^^^^^^^^^^
  File "C:\Users\soulu\cywell\ocp-play-studio\ocp-play-studio\src\play_book_studio\app\server_routes.py", line 488, in handle_data_control_room
    handler._send_json(payload)
  File "C:\Users\soulu\cywell\ocp-play-studio\ocp-play-studio\src\play_book_studio\app\server_routes.py", line 488, in handle_data_control_room
    handler._send_json(payload)
  File "C:\Users\soulu\cywell\ocp-play-studio\ocp-play-studio\src\play_book_studio\app\server.py", line 220, in _send_json
    self.wfile.write(body)
  File "C:\Users\soulu\cywell\ocp-play-studio\ocp-play-studio\src\play_book_studio\app\server.py", line 220, in _send_json
    self.wfile.write(body)
  File "C:\Users\soulu\AppData\Local\Programs\Python\Python311\Lib\socketserver.py", line 834, in write
    self._sock.sendall(b)
  File "C:\Users\soulu\AppData\Local\Programs\Python\Python311\Lib\socketserver.py", line 834, in write
    self._sock.sendall(b)
ConnectionAbortedError: [WinError 10053] ÇöŔç ż¬°áŔş »çżëŔÚŔÇ ČŁ˝şĆ® ˝Ă˝şĹŰŔÇ ĽŇÇÁĆ®żţľîŔÇ ŔÇÇŘ Áß´ÜµÇľú˝Ŕ´Ď´Ů
ConnectionAbortedError: [WinError 10053] ÇöŔç ż¬°áŔş »çżëŔÚŔÇ ČŁ˝şĆ® ˝Ă˝şĹŰŔÇ ĽŇÇÁĆ®żţľîŔÇ ŔÇÇŘ Áß´ÜµÇľú˝Ŕ´Ď´Ů
----------------------------------------
----------------------------------------
----------------------------------------
Exception occurred during processing of request from ('127.0.0.1', 63395)
Traceback (most recent call last):
  File "C:\Users\soulu\AppData\Local\Programs\Python\Python311\Lib\socketserver.py", line 691, in process_request_thread
    self.finish_request(request, client_address)
  File "C:\Users\soulu\AppData\Local\Programs\Python\Python311\Lib\socketserver.py", line 361, in finish_request
    self.RequestHandlerClass(request, client_address, self)
  File "C:\Users\soulu\AppData\Local\Programs\Python\Python311\Lib\socketserver.py", line 755, in __init__
    self.handle()
  File "C:\Users\soulu\AppData\Local\Programs\Python\Python311\Lib\http\server.py", line 436, in handle
    self.handle_one_request()
----------------------------------------
Exception occurred during processing of request from ('127.0.0.1', 58432)
  File "C:\Users\soulu\AppData\Local\Programs\Python\Python311\Lib\http\server.py", line 424, in handle_one_request
    method()
  File "C:\Users\soulu\cywell\ocp-play-studio\ocp-play-studio\src\play_book_studio\app\server.py", line 310, in do_GET
    self._send_bytes(asset_path.read_bytes(), content_type=content_type)
  File "C:\Users\soulu\cywell\ocp-play-studio\ocp-play-studio\src\play_book_studio\app\server.py", line 235, in _send_bytes
    self.wfile.write(body)
  File "C:\Users\soulu\AppData\Local\Programs\Python\Python311\Lib\socketserver.py", line 834, in write
    self._sock.sendall(b)
Traceback (most recent call last):
ConnectionAbortedError: [WinError 10053] ÇöŔç ż¬°áŔş »çżëŔÚŔÇ ČŁ˝şĆ® ˝Ă˝şĹŰŔÇ ĽŇÇÁĆ®żţľîŔÇ ŔÇÇŘ Áß´ÜµÇľú˝Ŕ´Ď´Ů
  File "C:\Users\soulu\AppData\Local\Programs\Python\Python311\Lib\socketserver.py", line 691, in process_request_thread
    self.finish_request(request, client_address)
  File "C:\Users\soulu\AppData\Local\Programs\Python\Python311\Lib\socketserver.py", line 361, in finish_request
    self.RequestHandlerClass(request, client_address, self)
----------------------------------------
  File "C:\Users\soulu\AppData\Local\Programs\Python\Python311\Lib\socketserver.py", line 755, in __init__
    self.handle()
  File "C:\Users\soulu\AppData\Local\Programs\Python\Python311\Lib\http\server.py", line 436, in handle
    self.handle_one_request()
  File "C:\Users\soulu\AppData\Local\Programs\Python\Python311\Lib\http\server.py", line 424, in handle_one_request
    method()
  File "C:\Users\soulu\cywell\ocp-play-studio\ocp-play-studio\src\play_book_studio\app\server.py", line 310, in do_GET
    self._send_bytes(asset_path.read_bytes(), content_type=content_type)
  File "C:\Users\soulu\cywell\ocp-play-studio\ocp-play-studio\src\play_book_studio\app\server.py", line 235, in _send_bytes
    self.wfile.write(body)
  File "C:\Users\soulu\AppData\Local\Programs\Python\Python311\Lib\socketserver.py", line 834, in write
    self._sock.sendall(b)
ConnectionAbortedError: [WinError 10053] ÇöŔç ż¬°áŔş »çżëŔÚŔÇ ČŁ˝şĆ® ˝Ă˝şĹŰŔÇ ĽŇÇÁĆ®żţľîŔÇ ŔÇÇŘ Áß´ÜµÇľú˝Ŕ´Ď´Ů
----------------------------------------
[timing] data-control-room 260.828s
----------------------------------------
Exception occurred during processing of request from ('127.0.0.1', 58431)
Traceback (most recent call last):
  File "C:\Users\soulu\AppData\Local\Programs\Python\Python311\Lib\socketserver.py", line 691, in process_request_thread
    self.finish_request(request, client_address)
  File "C:\Users\soulu\AppData\Local\Programs\Python\Python311\Lib\socketserver.py", line 361, in finish_request
    self.RequestHandlerClass(request, client_address, self)
  File "C:\Users\soulu\AppData\Local\Programs\Python\Python311\Lib\socketserver.py", line 755, in __init__
    self.handle()
  File "C:\Users\soulu\AppData\Local\Programs\Python\Python311\Lib\http\server.py", line 436, in handle
    self.handle_one_request()
  File "C:\Users\soulu\AppData\Local\Programs\Python\Python311\Lib\http\server.py", line 424, in handle_one_request
    method()
  File "C:\Users\soulu\cywell\ocp-play-studio\ocp-play-studio\src\play_book_studio\app\server.py", line 327, in do_GET
    self._handle_data_control_room(parsed_request.query)
  File "C:\Users\soulu\cywell\ocp-play-studio\ocp-play-studio\src\play_book_studio\app\server.py", line 510, in _handle_data_control_room
    payload = _handle_data_control_room_request(
              ^^^^^^^^^^^^^^^^^^^^^^^^^^^^^^^^^^
  File "C:\Users\soulu\cywell\ocp-play-studio\ocp-play-studio\src\play_book_studio\app\server_routes.py", line 488, in handle_data_control_room
    handler._send_json(payload)
  File "C:\Users\soulu\cywell\ocp-play-studio\ocp-play-studio\src\play_book_studio\app\server.py", line 220, in _send_json
    self.wfile.write(body)
  File "C:\Users\soulu\AppData\Local\Programs\Python\Python311\Lib\socketserver.py", line 834, in write
    self._sock.sendall(b)
ConnectionAbortedError: [WinError 10053] ÇöŔç ż¬°áŔş »çżëŔÚŔÇ ČŁ˝şĆ® ˝Ă˝şĹŰŔÇ ĽŇÇÁĆ®żţľîŔÇ ŔÇÇŘ Áß´ÜµÇľú˝Ŕ´Ď´Ů
----------------------------------------
[timing] data-control-room 413.484s
[timing] data-control-room 79.687s
[timing] data-control-room 6.546s
[timing] data-control-room 0.047s
[timing] data-control-room 0.062s
[timing] data-control-room 28.407s
